<?xml version="1.0" encoding="UTF-8" ?>
<testsuite tests="9" failures="0" name="org.ahmeteminsaglik.testpart.array.TestSearchAlgorithmWithArrayAndIntroSort" time="2.023" errors="0" skipped="0">
  <properties>
[...]
</properties>
  <testcase classname="org.ahmeteminsaglik.testpart.array.TestSearchAlgorithmWithArrayAndIntroSort" name="org.ahmeteminsaglik.testpart.array.TestSearchAlgorithmWithArrayAndIntroSort.test_Manuel_Array_IntroSort_ExponentialSearch" time="0.188"/>
  <testcase classname="org.ahmeteminsaglik.testpart.array.TestSearchAlgorithmWithArrayAndIntroSort" name="org.ahmeteminsaglik.testpart.array.TestSearchAlgorithmWithArrayAndIntroSort.test_Manuel_Array_IntroSort_BreadthFirstSearch" time="0.198"/>
  <testcase classname="org.ahmeteminsaglik.testpart.array.TestSearchAlgorithmWithArrayAndIntroSort" name="org.ahmeteminsaglik.testpart.array.TestSearchAlgorithmWithArrayAndIntroSort.test_Manuel_Array_IntroSort_BinarySearch" time="0.187"/>
  <testcase classname="org.ahmeteminsaglik.testpart.array.TestSearchAlgorithmWithArrayAndIntroSort" name="org.ahmeteminsaglik.testpart.array.TestSearchAlgorithmWithArrayAndIntroSort.test_Manuel_Array_IntroSort_JumpSearch" time="0.192"/>
  <testcase classname="org.ahmeteminsaglik.testpart.array.TestSearchAlgorithmWithArrayAndIntroSort" name="org.ahmeteminsaglik.testpart.array.TestSearchAlgorithmWithArrayAndIntroSort.test_Manuel_Array_IntroSort_LinearSearch" time="0.282"/>
  <testcase classname="org.ahmeteminsaglik.testpart.array.TestSearchAlgorithmWithArrayAndIntroSort" name="org.ahmeteminsaglik.testpart.array.TestSearchAlgorithmWithArrayAndIntroSort.test_Manuel_Array_IntroSort_TernarySearch" time="0.287"/>
  <testcase classname="org.ahmeteminsaglik.testpart.array.TestSearchAlgorithmWithArrayAndIntroSort" name="org.ahmeteminsaglik.testpart.array.TestSearchAlgorithmWithArrayAndIntroSort.test_Manuel_Array_IntroSort_FibonacciSearch" time="0.281"/>
  <testcase classname="org.ahmeteminsaglik.testpart.array.TestSearchAlgorithmWithArrayAndIntroSort" name="org.ahmeteminsaglik.testpart.array.TestSearchAlgorithmWithArrayAndIntroSort.test_Manuel_Array_IntroSort_DepthFirstSearch" time="0.2"/>
  <testcase classname="org.ahmeteminsaglik.testpart.array.TestSearchAlgorithmWithArrayAndIntroSort" name="org.ahmeteminsaglik.testpart.array.TestSearchAlgorithmWithArrayAndIntroSort.test_Manuel_Array_IntroSort_InterpolationSearch" time="0.208"/>
</testsuite>